2025-09-09 10:29:03 Loading main app package /usr/lib/obsidian/obsidian.asar
2025-09-09 10:29:03 Checking for update using Github
2025-09-09 10:29:05 Success.
2025-09-09 10:29:05 Latest version is 1.9.12
2025-09-09 10:29:05 App is up to date.
2025-09-09 10:38:31 Loading main app package /usr/lib/obsidian/obsidian.asar
2025-09-09 10:38:31 Checking for update using Github
2025-09-09 10:38:32 Success.
2025-09-09 10:38:32 Latest version is 1.9.12
2025-09-09 10:38:32 App is up to date.
2025-09-09 10:38:35 Loading main app package /usr/lib/obsidian/obsidian.asar
2025-09-09 10:38:36 Checking for update using Github
2025-09-09 10:38:36 Success.
2025-09-09 10:38:36 Latest version is 1.9.12
2025-09-09 10:38:36 App is up to date.
2025-09-09 10:38:40 Loading main app package /usr/lib/obsidian/obsidian.asar
2025-09-09 10:38:40 Checking for update using Github
2025-09-09 10:38:40 Success.
2025-09-09 10:38:40 Latest version is 1.9.12
2025-09-09 10:38:40 App is up to date.
2025-09-09 10:38:46 Loading main app package /usr/lib/obsidian/obsidian.asar
2025-09-09 10:38:46 Checking for update using Github
2025-09-09 10:38:47 Success.
2025-09-09 10:38:47 Latest version is 1.9.12
2025-09-09 10:38:47 App is up to date.
2025-09-09 10:38:53 Loading main app package /usr/lib/obsidian/obsidian.asar
2025-09-09 10:38:53 Checking for update using Github
2025-09-09 10:38:53 Success.
2025-09-09 10:38:53 Latest version is 1.9.12
2025-09-09 10:38:53 App is up to date.
2025-09-09 10:38:56 Loading main app package /usr/lib/obsidian/obsidian.asar
2025-09-09 10:38:56 Checking for update using Github
2025-09-09 10:38:56 Success.
2025-09-09 10:38:56 Latest version is 1.9.12
2025-09-09 10:38:56 App is up to date.
2025-09-09 10:38:59 Loading main app package /usr/lib/obsidian/obsidian.asar
2025-09-09 10:38:59 Checking for update using Github
2025-09-09 10:39:00 Success.
2025-09-09 10:39:00 Latest version is 1.9.12
2025-09-09 10:39:00 App is up to date.
2025-09-09 10:40:18 Loading main app package /usr/lib/obsidian/obsidian.asar
2025-09-09 10:40:18 Checking for update using Github
2025-09-09 10:40:18 Success.
2025-09-09 10:40:18 Latest version is 1.9.12
2025-09-09 10:40:18 App is up to date.
2025-09-09 10:43:22 Loading main app package /usr/lib/obsidian/obsidian.asar
2025-09-09 10:43:22 Checking for update using Github
2025-09-09 10:43:22 Success.
2025-09-09 10:43:22 Latest version is 1.9.12
2025-09-09 10:43:22 App is up to date.
2025-09-09 10:55:59 Loading main app package /usr/lib/obsidian/obsidian.asar
2025-09-09 10:55:59 Checking for update using Github
2025-09-09 10:56:00 Success.
2025-09-09 10:56:00 Latest version is 1.9.12
2025-09-09 10:56:00 App is up to date.
2025-09-09 11:01:36 Loading main app package /usr/lib/obsidian/obsidian.asar
2025-09-09 11:01:36 Checking for update using Github
2025-09-09 11:01:37 Success.
2025-09-09 11:01:37 Latest version is 1.9.12
2025-09-09 11:01:37 App is up to date.
2025-09-09 13:56:50 Loading main app package /usr/lib/obsidian/obsidian.asar
2025-09-09 13:56:50 Checking for update using Github
2025-09-09 13:56:51 Success.
2025-09-09 13:56:51 Latest version is 1.9.12
2025-09-09 13:56:51 App is up to date.
2025-09-09 14:07:28 Loading main app package /usr/lib/obsidian/obsidian.asar
2025-09-09 14:07:28 Checking for update using Github
2025-09-09 14:07:29 Success.
2025-09-09 14:07:29 Latest version is 1.9.12
2025-09-09 14:07:29 App is up to date.
2025-09-09 14:11:55 Loading main app package /usr/lib/obsidian/obsidian.asar
2025-09-09 14:11:55 Checking for update using Github
2025-09-09 14:11:55 Success.
2025-09-09 14:11:55 Latest version is 1.9.12
2025-09-09 14:11:55 App is up to date.
2025-09-10 00:48:59 Loading main app package /usr/lib/obsidian/obsidian.asar
2025-09-10 00:48:59 Checking for update using Github
2025-09-10 00:48:59 Failed to check for update using Github (net::ERR_INTERNET_DISCONNECTED)
2025-09-10 00:48:59 Checking for update using obsidian.md
2025-09-10 00:48:59 Failed to check for update using obsidian.md (net::ERR_INTERNET_DISCONNECTED)
2025-09-10 07:24:18 Loading main app package /usr/lib/obsidian/obsidian.asar
2025-09-10 07:24:19 Checking for update using Github
2025-09-10 07:24:19 Failed to check for update using Github (net::ERR_INTERNET_DISCONNECTED)
2025-09-10 07:24:19 Checking for update using obsidian.md
2025-09-10 07:24:19 Failed to check for update using obsidian.md (net::ERR_INTERNET_DISCONNECTED)
2025-09-10 11:59:05 Loading main app package /usr/lib/obsidian/obsidian.asar
2025-09-10 11:59:05 Checking for update using Github
2025-09-10 11:59:06 Success.
2025-09-10 11:59:06 Latest version is 1.9.12
2025-09-10 11:59:06 App is up to date.
2025-09-10 12:45:18 Loading main app package /usr/lib/obsidian/obsidian.asar
2025-09-10 12:45:18 Checking for update using Github
2025-09-10 12:45:19 Success.
2025-09-10 12:45:19 Latest version is 1.9.12
2025-09-10 12:45:19 App is up to date.
2025-09-10 14:22:28 Loading main app package /usr/lib/obsidian/obsidian.asar
2025-09-10 14:22:28 Checking for update using Github
2025-09-10 14:22:29 Success.
2025-09-10 14:22:29 Latest version is 1.9.12
2025-09-10 14:22:29 App is up to date.
2025-09-10 15:29:19 Loading main app package /usr/lib/obsidian/obsidian.asar
2025-09-10 15:29:19 Checking for update using Github
2025-09-10 15:29:20 Success.
2025-09-10 15:29:20 Latest version is 1.9.12
2025-09-10 15:29:20 App is up to date.
2025-09-10 16:05:06 Loading main app package /usr/lib/obsidian/obsidian.asar
2025-09-10 16:05:07 Checking for update using Github
2025-09-10 16:05:07 Failed to check for update using Github (net::ERR_INTERNET_DISCONNECTED)
2025-09-10 16:05:07 Checking for update using obsidian.md
2025-09-10 16:05:07 Failed to check for update using obsidian.md (net::ERR_INTERNET_DISCONNECTED)
2025-09-10 16:05:35 Loading main app package /usr/lib/obsidian/obsidian.asar
2025-09-10 16:05:36 Checking for update using Github
2025-09-10 16:06:32 Loading main app package /usr/lib/obsidian/obsidian.asar
2025-09-10 16:06:32 Checking for update using Github
2025-09-10 16:07:32 Success.
2025-09-10 16:07:32 Latest version is 1.9.12
2025-09-10 16:07:32 App is up to date.
2025-09-11 00:43:16 Loading main app package /usr/lib/obsidian/obsidian.asar
2025-09-11 00:43:16 Checking for update using Github
2025-09-11 00:43:17 Failed to check for update using Github (net::ERR_INTERNET_DISCONNECTED)
2025-09-11 00:43:17 Checking for update using obsidian.md
2025-09-11 00:43:17 Failed to check for update using obsidian.md (net::ERR_INTERNET_DISCONNECTED)
2025-09-11 08:43:43 Loading main app package /usr/lib/obsidian/obsidian.asar
2025-09-11 08:43:44 Checking for update using Github
2025-09-11 08:43:44 Failed to check for update using Github (net::ERR_INTERNET_DISCONNECTED)
2025-09-11 08:43:44 Checking for update using obsidian.md
2025-09-11 08:43:44 Failed to check for update using obsidian.md (net::ERR_INTERNET_DISCONNECTED)
2025-09-11 09:18:50 Loading main app package /usr/lib/obsidian/obsidian.asar
2025-09-11 09:18:51 Checking for update using Github
2025-09-11 09:18:51 Failed to check for update using Github (net::ERR_INTERNET_DISCONNECTED)
2025-09-11 09:18:51 Checking for update using obsidian.md
2025-09-11 09:18:51 Failed to check for update using obsidian.md (net::ERR_INTERNET_DISCONNECTED)
2025-09-11 10:30:19 Loading main app package /usr/lib/obsidian/obsidian.asar
2025-09-11 10:30:19 Checking for update using Github
2025-09-11 10:30:28 Loading main app package /usr/lib/obsidian/obsidian.asar
2025-09-11 10:30:29 Checking for update using Github
2025-09-11 10:30:30 Success.
2025-09-11 10:30:30 Latest version is 1.9.12
2025-09-11 10:30:30 App is up to date.
2025-09-11 12:07:34 Loading main app package /usr/lib/obsidian/obsidian.asar
2025-09-11 12:07:35 Checking for update using Github
2025-09-11 12:07:35 Failed to check for update using Github (net::ERR_INTERNET_DISCONNECTED)
2025-09-11 12:07:35 Checking for update using obsidian.md
2025-09-11 12:07:35 Failed to check for update using obsidian.md (net::ERR_INTERNET_DISCONNECTED)
2025-09-11 13:11:54 Loading main app package /usr/lib/obsidian/obsidian.asar
2025-09-11 13:11:54 Checking for update using Github
2025-09-11 13:11:55 Success.
2025-09-11 13:11:55 Latest version is 1.9.12
2025-09-11 13:11:55 App is up to date.
2025-09-11 15:14:46 Loading main app package /usr/lib/obsidian/obsidian.asar
2025-09-11 15:14:47 Checking for update using Github
2025-09-11 15:14:47 Success.
2025-09-11 15:14:47 Latest version is 1.9.12
2025-09-11 15:14:47 App is up to date.
2025-09-12 00:37:28 Loading main app package /usr/lib/obsidian/obsidian.asar
2025-09-12 00:37:28 Checking for update using Github
2025-09-12 00:37:28 Failed to check for update using Github (net::ERR_INTERNET_DISCONNECTED)
2025-09-12 00:37:28 Checking for update using obsidian.md
2025-09-12 00:37:28 Failed to check for update using obsidian.md (net::ERR_INTERNET_DISCONNECTED)
2025-09-12 08:09:02 Loading main app package /usr/lib/obsidian/obsidian.asar
2025-09-12 08:09:03 Checking for update using Github
2025-09-12 08:09:03 Failed to check for update using Github (net::ERR_INTERNET_DISCONNECTED)
2025-09-12 08:09:03 Checking for update using obsidian.md
2025-09-12 08:09:03 Failed to check for update using obsidian.md (net::ERR_INTERNET_DISCONNECTED)
2025-09-12 11:05:37 Loading main app package /usr/lib/obsidian/obsidian.asar
2025-09-12 11:05:37 Checking for update using Github
2025-09-12 11:05:37 Failed to check for update using Github (net::ERR_INTERNET_DISCONNECTED)
2025-09-12 11:05:37 Checking for update using obsidian.md
2025-09-12 11:05:37 Failed to check for update using obsidian.md (net::ERR_INTERNET_DISCONNECTED)
2025-09-12 12:51:23 Loading main app package /usr/lib/obsidian/obsidian.asar
2025-09-12 12:51:24 Checking for update using Github
2025-09-12 12:51:24 Failed to check for update using Github (net::ERR_INTERNET_DISCONNECTED)
2025-09-12 12:51:24 Checking for update using obsidian.md
2025-09-12 12:51:24 Failed to check for update using obsidian.md (net::ERR_INTERNET_DISCONNECTED)
2025-09-12 13:29:50 Loading main app package /usr/lib/obsidian/obsidian.asar
2025-09-12 13:29:51 Checking for update using Github
2025-09-12 13:29:51 Failed to check for update using Github (net::ERR_INTERNET_DISCONNECTED)
2025-09-12 13:29:51 Checking for update using obsidian.md
2025-09-12 13:29:51 Failed to check for update using obsidian.md (net::ERR_INTERNET_DISCONNECTED)
2025-09-12 14:48:51 Loading main app package /usr/lib/obsidian/obsidian.asar
2025-09-12 14:48:51 Checking for update using Github
2025-09-12 14:48:52 Success.
2025-09-12 14:48:52 Latest version is 1.9.12
2025-09-12 14:48:52 App is up to date.
2025-09-12 15:48:51 Checking for update using Github
2025-09-12 15:48:51 Success.
2025-09-12 15:48:51 Latest version is 1.9.12
2025-09-12 15:48:51 App is up to date.
2025-09-13 00:20:17 Loading main app package /usr/lib/obsidian/obsidian.asar
2025-09-13 00:20:18 Checking for update using Github
2025-09-13 00:20:18 Failed to check for update using Github (net::ERR_INTERNET_DISCONNECTED)
2025-09-13 00:20:18 Checking for update using obsidian.md
2025-09-13 00:20:18 Failed to check for update using obsidian.md (net::ERR_INTERNET_DISCONNECTED)
2025-09-13 00:20:23 Loading main app package /usr/lib/obsidian/obsidian.asar
2025-09-13 00:20:23 Checking for update using Github
2025-09-13 00:20:24 Success.
2025-09-13 00:20:24 Latest version is 1.9.12
2025-09-13 00:20:24 App is up to date.
2025-09-13 07:20:03 Loading main app package /usr/lib/obsidian/obsidian.asar
2025-09-13 07:20:04 Checking for update using Github
2025-09-13 07:20:04 Failed to check for update using Github (net::ERR_INTERNET_DISCONNECTED)
2025-09-13 07:20:04 Checking for update using obsidian.md
2025-09-13 07:20:04 Failed to check for update using obsidian.md (net::ERR_INTERNET_DISCONNECTED)
2025-09-13 08:34:01 Loading main app package /usr/lib/obsidian/obsidian.asar
2025-09-13 08:34:01 Checking for update using Github
2025-09-13 08:34:01 Success.
2025-09-13 08:34:01 Latest version is 1.9.12
2025-09-13 08:34:01 App is up to date.
2025-09-13 10:59:56 Loading main app package /usr/lib/obsidian/obsidian.asar
2025-09-13 10:59:56 Checking for update using Github
2025-09-13 10:59:57 Success.
2025-09-13 10:59:57 Latest version is 1.9.12
2025-09-13 10:59:57 App is up to date.
2025-09-13 11:40:41 Loading main app package /usr/lib/obsidian/obsidian.asar
2025-09-13 11:40:41 Checking for update using Github
2025-09-13 11:40:42 Success.
2025-09-13 11:40:42 Latest version is 1.9.12
2025-09-13 11:40:42 App is up to date.
2025-09-13 12:34:33 Loading main app package /usr/lib/obsidian/obsidian.asar
2025-09-13 12:34:33 Checking for update using Github
2025-09-13 12:34:34 Success.
2025-09-13 12:34:34 Latest version is 1.9.12
2025-09-13 12:34:34 App is up to date.
2025-09-13 12:51:46 Loading main app package /usr/lib/obsidian/obsidian.asar
2025-09-13 12:51:46 Checking for update using Github
2025-09-13 12:51:47 Success.
2025-09-13 12:51:47 Latest version is 1.9.12
2025-09-13 12:51:47 App is up to date.
2025-09-13 12:59:59 Loading main app package /usr/lib/obsidian/obsidian.asar
2025-09-13 12:59:59 Checking for update using Github
2025-09-13 13:14:59 Loading main app package /usr/lib/obsidian/obsidian.asar
2025-09-13 13:14:59 Checking for update using Github
2025-09-13 13:15:00 Success.
2025-09-13 13:15:00 Latest version is 1.9.12
2025-09-13 13:15:00 App is up to date.
2025-09-13 14:42:04 Loading main app package /usr/lib/obsidian/obsidian.asar
2025-09-13 14:42:04 Checking for update using Github
2025-09-13 14:42:05 Success.
2025-09-13 14:42:05 Latest version is 1.9.12
2025-09-13 14:42:05 App is up to date.
2025-09-13 14:51:24 Loading main app package /usr/lib/obsidian/obsidian.asar
2025-09-13 14:51:25 Checking for update using Github
2025-09-13 14:51:25 Success.
2025-09-13 14:51:25 Latest version is 1.9.12
2025-09-13 14:51:25 App is up to date.
2025-09-13 15:08:06 Loading main app package /usr/lib/obsidian/obsidian.asar
2025-09-13 15:08:07 Checking for update using Github
2025-09-13 15:08:07 Success.
2025-09-13 15:08:07 Latest version is 1.9.12
2025-09-13 15:08:07 App is up to date.
2025-09-14 00:36:05 Loading main app package /usr/lib/obsidian/obsidian.asar
2025-09-14 00:36:05 Checking for update using Github
2025-09-14 00:36:05 Success.
2025-09-14 00:36:05 Latest version is 1.9.12
2025-09-14 00:36:05 App is up to date.
2025-09-14 05:29:33 Loading main app package /usr/lib/obsidian/obsidian.asar
2025-09-14 05:29:33 Checking for update using Github
2025-09-14 05:29:33 Failed to check for update using Github (net::ERR_INTERNET_DISCONNECTED)
2025-09-14 05:29:33 Checking for update using obsidian.md
2025-09-14 05:29:33 Failed to check for update using obsidian.md (net::ERR_INTERNET_DISCONNECTED)
2025-09-14 05:55:33 Loading main app package /usr/lib/obsidian/obsidian.asar
2025-09-14 05:55:33 Checking for update using Github
2025-09-14 05:55:34 Success.
2025-09-14 05:55:34 Latest version is 1.9.12
2025-09-14 05:55:34 App is up to date.
2025-09-14 06:30:42 Loading main app package /usr/lib/obsidian/obsidian.asar
2025-09-14 06:30:42 Checking for update using Github
2025-09-14 06:30:42 Success.
2025-09-14 06:30:42 Latest version is 1.9.12
2025-09-14 06:30:42 App is up to date.
2025-09-14 07:19:43 Loading main app package /usr/lib/obsidian/obsidian.asar
2025-09-14 07:19:44 Checking for update using Github
2025-09-14 07:19:45 Success.
2025-09-14 07:19:45 Latest version is 1.9.12
2025-09-14 07:19:45 App is up to date.
2025-09-14 11:17:13 Loading main app package /usr/lib/obsidian/obsidian.asar
2025-09-14 11:17:13 Checking for update using Github
2025-09-14 11:17:13 Failed to check for update using Github (net::ERR_INTERNET_DISCONNECTED)
2025-09-14 11:17:13 Checking for update using obsidian.md
2025-09-14 11:17:13 Failed to check for update using obsidian.md (net::ERR_INTERNET_DISCONNECTED)
2025-09-14 14:22:42 Loading main app package /usr/lib/obsidian/obsidian.asar
2025-09-14 14:22:43 Checking for update using Github
2025-09-14 14:22:43 Success.
2025-09-14 14:22:43 Latest version is 1.9.12
2025-09-14 14:22:43 App is up to date.
2025-09-14 16:04:12 Loading main app package /usr/lib/obsidian/obsidian.asar
2025-09-14 16:04:12 Checking for update using Github
2025-09-14 16:04:13 Success.
2025-09-14 16:04:13 Latest version is 1.9.12
2025-09-14 16:04:13 App is up to date.
2025-09-15 01:27:42 Loading main app package /usr/lib/obsidian/obsidian.asar
2025-09-15 01:27:43 Checking for update using Github
2025-09-15 01:27:43 Failed to check for update using Github (net::ERR_INTERNET_DISCONNECTED)
2025-09-15 01:27:43 Checking for update using obsidian.md
2025-09-15 01:27:43 Failed to check for update using obsidian.md (net::ERR_INTERNET_DISCONNECTED)
2025-09-15 10:18:46 Loading main app package /usr/lib/obsidian/obsidian.asar
2025-09-15 10:18:47 Checking for update using Github
2025-09-15 10:18:47 Failed to check for update using Github (net::ERR_INTERNET_DISCONNECTED)
2025-09-15 10:18:47 Checking for update using obsidian.md
2025-09-15 10:18:47 Failed to check for update using obsidian.md (net::ERR_INTERNET_DISCONNECTED)
2025-09-15 12:08:37 Loading main app package /usr/lib/obsidian/obsidian.asar
2025-09-15 12:08:38 Checking for update using Github
2025-09-15 12:08:38 Success.
2025-09-15 12:08:38 Latest version is 1.9.12
2025-09-15 12:08:38 App is up to date.
2025-09-15 12:48:48 Loading main app package /usr/lib/obsidian/obsidian.asar
2025-09-15 12:48:48 Checking for update using Github
2025-09-15 12:51:19 Loading main app package /usr/lib/obsidian/obsidian.asar
2025-09-15 12:51:19 Checking for update using Github
2025-09-15 12:51:20 Success.
2025-09-15 12:51:20 Latest version is 1.9.12
2025-09-15 12:51:20 App is up to date.
2025-09-15 14:46:11 Loading main app package /usr/lib/obsidian/obsidian.asar
2025-09-15 14:46:11 Checking for update using Github
2025-09-15 14:46:13 Success.
2025-09-15 14:46:13 Latest version is 1.9.12
2025-09-15 14:46:13 App is up to date.
2025-09-15 15:19:37 Loading main app package /usr/lib/obsidian/obsidian.asar
2025-09-15 15:19:38 Checking for update using Github
2025-09-15 15:19:39 Success.
2025-09-15 15:19:39 Latest version is 1.9.12
2025-09-15 15:19:39 App is up to date.
2025-09-15 15:44:40 Loading main app package /usr/lib/obsidian/obsidian.asar
2025-09-15 15:44:40 Checking for update using Github
2025-09-15 15:44:41 Success.
2025-09-15 15:44:41 Latest version is 1.9.12
2025-09-15 15:44:41 App is up to date.
2025-09-16 00:40:12 Loading main app package /usr/lib/obsidian/obsidian.asar
2025-09-16 00:40:13 Checking for update using Github
2025-09-16 00:40:13 Failed to check for update using Github (net::ERR_INTERNET_DISCONNECTED)
2025-09-16 00:40:13 Checking for update using obsidian.md
2025-09-16 00:40:13 Failed to check for update using obsidian.md (net::ERR_INTERNET_DISCONNECTED)
2025-09-16 08:06:46 Loading main app package /usr/lib/obsidian/obsidian.asar
2025-09-16 08:06:47 Checking for update using Github
2025-09-16 08:06:47 Success.
2025-09-16 08:06:47 Latest version is 1.9.12
2025-09-16 08:06:47 App is up to date.
2025-09-16 10:38:17 Loading main app package /usr/lib/obsidian/obsidian.asar
2025-09-16 10:38:17 Checking for update using Github
2025-09-16 10:38:18 Success.
2025-09-16 10:38:18 Latest version is 1.9.12
2025-09-16 10:38:18 App is up to date.
2025-09-16 11:42:41 Loading main app package /usr/lib/obsidian/obsidian.asar
2025-09-16 11:42:41 Checking for update using Github
2025-09-16 11:42:41 Success.
2025-09-16 11:42:41 Latest version is 1.9.12
2025-09-16 11:42:41 App is up to date.
2025-09-16 12:36:21 Loading main app package /usr/lib/obsidian/obsidian.asar
2025-09-16 12:36:21 Checking for update using Github
2025-09-16 12:36:22 Success.
2025-09-16 12:36:22 Latest version is 1.9.12
2025-09-16 12:36:22 App is up to date.
2025-09-16 14:23:11 Loading main app package /usr/lib/obsidian/obsidian.asar
2025-09-16 14:23:11 Checking for update using Github
2025-09-16 14:23:12 Success.
2025-09-16 14:23:12 Latest version is 1.9.12
2025-09-16 14:23:12 App is up to date.
2025-09-16 14:39:13 Loading main app package /usr/lib/obsidian/obsidian.asar
2025-09-16 14:39:13 Checking for update using Github
2025-09-16 14:39:14 Success.
2025-09-16 14:39:14 Latest version is 1.9.12
2025-09-16 14:39:14 App is up to date.
2025-09-16 15:28:24 Loading main app package /usr/lib/obsidian/obsidian.asar
2025-09-16 15:28:25 Checking for update using Github
2025-09-16 15:28:26 Success.
2025-09-16 15:28:26 Latest version is 1.9.12
2025-09-16 15:28:26 App is up to date.
2025-09-17 00:51:22 Loading main app package /usr/lib/obsidian/obsidian.asar
2025-09-17 00:51:22 Checking for update using Github
2025-09-17 00:51:22 Failed to check for update using Github (net::ERR_INTERNET_DISCONNECTED)
2025-09-17 00:51:22 Checking for update using obsidian.md
2025-09-17 00:51:22 Failed to check for update using obsidian.md (net::ERR_INTERNET_DISCONNECTED)
2025-09-17 08:58:21 Loading main app package /usr/lib/obsidian/obsidian.asar
2025-09-17 08:58:22 Checking for update using Github
2025-09-17 08:58:22 Success.
2025-09-17 08:58:22 Latest version is 1.9.12
2025-09-17 08:58:22 App is up to date.
2025-09-17 09:50:40 Loading main app package /usr/lib/obsidian/obsidian.asar
2025-09-17 09:50:40 Checking for update using Github
2025-09-17 09:50:41 Success.
2025-09-17 09:50:41 Latest version is 1.9.12
2025-09-17 09:50:41 App is up to date.
2025-09-17 10:01:32 Loading main app package /usr/lib/obsidian/obsidian.asar
2025-09-17 10:01:32 Checking for update using Github
2025-09-17 10:01:33 Success.
2025-09-17 10:01:33 Latest version is 1.9.12
2025-09-17 10:01:33 App is up to date.
2025-09-17 10:37:41 Loading main app package /usr/lib/obsidian/obsidian.asar
2025-09-17 10:37:42 Checking for update using Github
2025-09-17 10:37:43 Success.
2025-09-17 10:37:43 Latest version is 1.9.12
2025-09-17 10:37:43 App is up to date.
2025-09-17 10:54:47 Loading main app package /usr/lib/obsidian/obsidian.asar
2025-09-17 10:54:47 Checking for update using Github
2025-09-17 10:54:48 Success.
2025-09-17 10:54:48 Latest version is 1.9.12
2025-09-17 10:54:48 App is up to date.
2025-09-17 11:50:38 Loading main app package /usr/lib/obsidian/obsidian.asar
2025-09-17 11:50:39 Checking for update using Github
2025-09-17 11:50:39 Failed to check for update using Github (net::ERR_INTERNET_DISCONNECTED)
2025-09-17 11:50:39 Checking for update using obsidian.md
2025-09-17 11:50:39 Failed to check for update using obsidian.md (net::ERR_INTERNET_DISCONNECTED)
2025-09-17 13:15:17 Loading main app package /usr/lib/obsidian/obsidian.asar
2025-09-17 13:15:17 Checking for update using Github
2025-09-17 13:15:18 Success.
2025-09-17 13:15:18 Latest version is 1.9.12
2025-09-17 13:15:18 App is up to date.
2025-09-17 14:00:17 Loading main app package /usr/lib/obsidian/obsidian.asar
2025-09-17 14:00:17 Checking for update using Github
2025-09-17 14:00:19 Success.
2025-09-17 14:00:19 Latest version is 1.9.12
2025-09-17 14:00:19 App is up to date.
2025-09-17 14:07:59 Loading main app package /usr/lib/obsidian/obsidian.asar
2025-09-17 14:08:00 Checking for update using Github
2025-09-17 14:08:01 Success.
2025-09-17 14:08:01 Latest version is 1.9.12
2025-09-17 14:08:01 App is up to date.
2025-09-17 14:08:35 Loading main app package /usr/lib/obsidian/obsidian.asar
2025-09-17 14:08:35 Checking for update using Github
2025-09-17 14:08:35 Success.
2025-09-17 14:08:35 Latest version is 1.9.12
2025-09-17 14:08:35 App is up to date.
2025-09-18 00:53:03 Loading main app package /usr/lib/obsidian/obsidian.asar
2025-09-18 00:53:03 Checking for update using Github
2025-09-18 00:53:03 Failed to check for update using Github (net::ERR_INTERNET_DISCONNECTED)
2025-09-18 00:53:03 Checking for update using obsidian.md
2025-09-18 00:53:03 Failed to check for update using obsidian.md (net::ERR_INTERNET_DISCONNECTED)
2025-09-18 07:32:41 Loading main app package /usr/lib/obsidian/obsidian.asar
2025-09-18 07:32:42 Checking for update using Github
2025-09-18 07:32:42 Failed to check for update using Github (net::ERR_INTERNET_DISCONNECTED)
2025-09-18 07:32:42 Checking for update using obsidian.md
2025-09-18 07:32:42 Failed to check for update using obsidian.md (net::ERR_INTERNET_DISCONNECTED)
2025-09-18 08:39:47 Loading main app package /usr/lib/obsidian/obsidian.asar
2025-09-18 08:39:47 Checking for update using Github
2025-09-18 08:39:47 Failed to check for update using Github (net::ERR_CONNECTION_CLOSED)
2025-09-18 08:39:47 Checking for update using obsidian.md
2025-09-18 08:40:02 Failed to check for update using obsidian.md (net::ERR_NETWORK_CHANGED)
2025-09-18 09:43:48 Loading main app package /usr/lib/obsidian/obsidian.asar
2025-09-18 09:43:48 Checking for update using Github
2025-09-18 09:43:49 Success.
2025-09-18 09:43:49 Latest version is 1.9.12
2025-09-18 09:43:49 App is up to date.
2025-09-18 09:59:13 Loading main app package /usr/lib/obsidian/obsidian.asar
2025-09-18 09:59:13 Checking for update using Github
2025-09-18 09:59:13 Failed to check for update using Github (net::ERR_INTERNET_DISCONNECTED)
2025-09-18 09:59:13 Checking for update using obsidian.md
2025-09-18 09:59:13 Failed to check for update using obsidian.md (net::ERR_INTERNET_DISCONNECTED)
2025-09-18 10:48:00 Loading main app package /usr/lib/obsidian/obsidian.asar
2025-09-18 10:48:01 Checking for update using Github
2025-09-18 10:48:01 Success.
2025-09-18 10:48:01 Latest version is 1.9.12
2025-09-18 10:48:01 App is up to date.
2025-09-18 12:34:09 Loading main app package /usr/lib/obsidian/obsidian.asar
2025-09-18 12:34:09 Checking for update using Github
2025-09-18 12:34:09 Failed to check for update using Github (net::ERR_INTERNET_DISCONNECTED)
2025-09-18 12:34:09 Checking for update using obsidian.md
2025-09-18 12:34:09 Failed to check for update using obsidian.md (net::ERR_INTERNET_DISCONNECTED)
2025-09-18 12:47:03 Loading main app package /usr/lib/obsidian/obsidian.asar
2025-09-18 12:47:03 Checking for update using Github
2025-09-18 12:47:05 Success.
2025-09-18 12:47:05 Latest version is 1.9.12
2025-09-18 12:47:05 App is up to date.
2025-09-18 14:24:12 Loading main app package /usr/lib/obsidian/obsidian.asar
2025-09-18 14:24:12 Checking for update using Github
2025-09-18 14:24:13 Success.
2025-09-18 14:24:13 Latest version is 1.9.12
2025-09-18 14:24:13 App is up to date.
